
> react-kavia@0.1.0 prestart
> npm run check-env


> react-kavia@0.1.0 check-env
> node check-env.js

Checking environment variables...
================================
❌ .env file not found at: /home/kavia/workspace/code-generation/safepath-navigator-12527-12533/safe_path_navigator/.env

Checking required environment variables:
======================================
❌ REACT_APP_GOOGLE_MAPS_API_KEY is missing
❌ REACT_APP_FBI_CRIME_DATA_API_KEY is missing

Checking NODE_ENV:
=================
❗ NODE_ENV is not set. This may be fine for development but should be set for production.

React app environment variables:
===============================
❌ No REACT_APP_ environment variables found.

Security check:
==============
✅ No obvious security issues found

Testing manual environment loading:
=================================
❌ Error manually processing .env file: ENOENT: no such file or directory, open '/home/kavia/workspace/code-generation/safepath-navigator-12527-12533/safe_path_navigator/.env'

Verifying manual environment injection:
====================================
❌ REACT_APP_GOOGLE_MAPS_API_KEY still missing after manual injection

Environment Check Summary:
=========================
❌ 6 problems found.

> react-kavia@0.1.0 start
> react-scripts start

(node:613) [DEP_WEBPACK_DEV_SERVER_ON_AFTER_SETUP_MIDDLEWARE] DeprecationWarning: 'onAfterSetupMiddleware' option is deprecated. Please use the 'setupMiddlewares' option.
(Use `node --trace-deprecation ...` to show where the warning was created)
(node:613) [DEP_WEBPACK_DEV_SERVER_ON_BEFORE_SETUP_MIDDLEWARE] DeprecationWarning: 'onBeforeSetupMiddleware' option is deprecated. Please use the 'setupMiddlewares' option.
Starting the development server...

Compiled successfully!

You can now view react-kavia in the browser.

  Local:            http://localhost:3000
  On Your Network:  http://172.17.0.2:3000

Note that the development build is not optimized.
To create a production build, use npm run build.

webpack compiled successfully
Compiling...
